<?xml version="1.0" encoding="UTF-8"?>
<!-- Generated by org.testng.reporters.JUnitXMLReporter -->
<testsuite hostname="VivideMacBook-Pro.local" ignored="6" name="Default test" tests="1" failures="0" timestamp="20 Apr 2018 06:17:05 GMT" time="110.051" errors="0">
  <testcase name="testmanytimes2" time="42.384" classname="com.eisoo.anysharetest.Demoxest"/>
  <testcase name="loginIp" time="0.0" classname="com.eisoo.anysharetest.BaseTest">
    <ignored/>
  </testcase> <!-- loginIp -->
  <testcase name="testmanytimes3" time="0.0" classname="com.eisoo.anysharetest.Demoxest">
    <ignored/>
  </testcase> <!-- testmanytimes3 -->
  <testcase name="testmanytimes4" time="0.0" classname="com.eisoo.anysharetest.Demoxest">
    <ignored/>
  </testcase> <!-- testmanytimes4 -->
  <testcase name="testmanytimes1" time="0.0" classname="com.eisoo.anysharetest.Demoxest">
    <ignored/>
  </testcase> <!-- testmanytimes1 -->
  <testcase name="testLogin" time="0.0" classname="com.eisoo.anysharetest.BaseTest">
    <ignored/>
  </testcase> <!-- testLogin -->
  <testcase name="loginDomain" time="0.0" classname="com.eisoo.anysharetest.BaseTest">
    <ignored/>
  </testcase> <!-- loginDomain -->
</testsuite> <!-- Default test -->
