<?xml version="1.0" encoding="UTF-8"?>
<testsuite name="Surefire test"
           tests="10"
           failures="0"
           errors="0"
           skipped="10"
           time="0.000">
  <properties />
  
            <testcase name="afterMethod" time="0.0" classname="com.eisoo.anysharetest.openFileTest">
          <skipped />
    </testcase>
            <testcase name="afterMethod" time="0.0" classname="com.eisoo.anysharetest.openFileTest">
          <skipped />
    </testcase>
            <testcase name="afterMethod" time="0.0" classname="com.eisoo.anysharetest.openFileTest">
          <skipped />
    </testcase>
            <testcase name="afterClass" time="0.0" classname="com.eisoo.anysharetest.openFileTest">
          <skipped />
    </testcase>
            <testcase name="afterMethod" time="0.0" classname="com.eisoo.anysharetest.openFileTest">
          <skipped />
    </testcase>
            <testcase name="beforeClass" time="0.0" classname="com.eisoo.anysharetest.openFileTest">
          <skipped />
    </testcase>
            <testcase name="openAudio" time="0.0" classname="com.eisoo.anysharetest.openFileTest">
          <skipped />
    </testcase>
            <testcase name="openPic" time="0.0" classname="com.eisoo.anysharetest.openFileTest">
          <skipped />
    </testcase>
            <testcase name="openVideo" time="0.0" classname="com.eisoo.anysharetest.openFileTest">
          <skipped />
    </testcase>
            <testcase name="openFile" time="0.0" classname="com.eisoo.anysharetest.openFileTest">
          <skipped />
    </testcase>
  
  
</testsuite>
