<?xml version="1.0" encoding="UTF-8"?>
<testsuite name="Surefire test"
           tests="39"
           failures="0"
           errors="0"
           skipped="39"
           time="0.000">
  <properties />
  
            <testcase name="afterTest" time="0.0" classname="com.eisoo.anysharetest.UploadTest">
          <skipped />
    </testcase>
            <testcase name="afterMethod" time="0.0" classname="com.eisoo.anysharetest.UploadTest">
          <skipped />
    </testcase>
            <testcase name="afterMethod" time="0.0" classname="com.eisoo.anysharetest.UploadTest">
          <skipped />
    </testcase>
            <testcase name="beforeMethod" time="0.0" classname="com.eisoo.anysharetest.UploadTest">
          <skipped />
    </testcase>
            <testcase name="afterMethod" time="0.0" classname="com.eisoo.anysharetest.UploadTest">
          <skipped />
    </testcase>
            <testcase name="afterMethod" time="0.0" classname="com.eisoo.anysharetest.UploadTest">
          <skipped />
    </testcase>
            <testcase name="afterMethod" time="0.0" classname="com.eisoo.anysharetest.UploadTest">
          <skipped />
    </testcase>
            <testcase name="afterMethod" time="0.0" classname="com.eisoo.anysharetest.UploadTest">
          <skipped />
    </testcase>
            <testcase name="beforeClass" time="0.0" classname="com.eisoo.anysharetest.UploadTest">
          <skipped />
    </testcase>
            <testcase name="afterMethod" time="0.0" classname="com.eisoo.anysharetest.UploadTest">
          <skipped />
    </testcase>
            <testcase name="afterMethod" time="0.0" classname="com.eisoo.anysharetest.UploadTest">
          <skipped />
    </testcase>
            <testcase name="beforeMethod" time="0.0" classname="com.eisoo.anysharetest.UploadTest">
          <skipped />
    </testcase>
            <testcase name="beforeMethod" time="0.0" classname="com.eisoo.anysharetest.UploadTest">
          <skipped />
    </testcase>
            <testcase name="beforeMethod" time="0.0" classname="com.eisoo.anysharetest.UploadTest">
          <skipped />
    </testcase>
            <testcase name="beforeMethod" time="0.0" classname="com.eisoo.anysharetest.UploadTest">
          <skipped />
    </testcase>
            <testcase name="beforeMethod" time="0.0" classname="com.eisoo.anysharetest.UploadTest">
          <skipped />
    </testcase>
            <testcase name="afterMethod" time="0.0" classname="com.eisoo.anysharetest.UploadTest">
          <skipped />
    </testcase>
            <testcase name="afterMethod" time="0.0" classname="com.eisoo.anysharetest.UploadTest">
          <skipped />
    </testcase>
            <testcase name="beforeMethod" time="0.0" classname="com.eisoo.anysharetest.UploadTest">
          <skipped />
    </testcase>
            <testcase name="afterMethod" time="0.0" classname="com.eisoo.anysharetest.UploadTest">
          <skipped />
    </testcase>
            <testcase name="beforeMethod" time="0.0" classname="com.eisoo.anysharetest.UploadTest">
          <skipped />
    </testcase>
            <testcase name="beforeMethod" time="0.0" classname="com.eisoo.anysharetest.UploadTest">
          <skipped />
    </testcase>
            <testcase name="beforeMethod" time="0.0" classname="com.eisoo.anysharetest.UploadTest">
          <skipped />
    </testcase>
            <testcase name="afterClass" time="0.0" classname="com.eisoo.anysharetest.UploadTest">
          <skipped />
    </testcase>
            <testcase name="beforeMethod" time="0.0" classname="com.eisoo.anysharetest.UploadTest">
          <skipped />
    </testcase>
            <testcase name="afterMethod" time="0.0" classname="com.eisoo.anysharetest.UploadTest">
          <skipped />
    </testcase>
            <testcase name="beforeMethod" time="0.0" classname="com.eisoo.anysharetest.UploadTest">
          <skipped />
    </testcase>
            <testcase name="uploadContinueVideo" time="0.0" classname="com.eisoo.anysharetest.UploadTest">
          <skipped />
    </testcase>
            <testcase name="uploadMulVideo" time="0.0" classname="com.eisoo.anysharetest.UploadTest">
          <skipped />
    </testcase>
            <testcase name="uploadPics" time="0.0" classname="com.eisoo.anysharetest.UploadTest">
          <skipped />
    </testcase>
            <testcase name="uploadVideo" time="0.0" classname="com.eisoo.anysharetest.UploadTest">
          <skipped />
    </testcase>
            <testcase name="uploadFile" time="0.0" classname="com.eisoo.anysharetest.UploadTest">
          <skipped />
    </testcase>
            <testcase name="uploadAllVideo" time="0.0" classname="com.eisoo.anysharetest.UploadTest">
          <skipped />
    </testcase>
            <testcase name="uploadPauseVideo" time="0.0" classname="com.eisoo.anysharetest.UploadTest">
          <skipped />
    </testcase>
            <testcase name="uploadNoPermission" time="0.0" classname="com.eisoo.anysharetest.UploadTest">
          <skipped />
    </testcase>
            <testcase name="uploadNoWifi" time="0.0" classname="com.eisoo.anysharetest.UploadTest">
          <skipped />
    </testcase>
            <testcase name="uploadTakePhoto" time="0.0" classname="com.eisoo.anysharetest.UploadTest">
          <skipped />
    </testcase>
            <testcase name="uploadWaitWifi" time="0.0" classname="com.eisoo.anysharetest.UploadTest">
          <skipped />
    </testcase>
            <testcase name="uploadAudio" time="0.0" classname="com.eisoo.anysharetest.UploadTest">
          <skipped />
    </testcase>
  
  
</testsuite>
