<?xml version="1.0" encoding="UTF-8"?>
<testsuite name="Surefire test"
           tests="7"
           failures="0"
           errors="0"
           skipped="0"
           time="267.740">
  <properties />
  
  
            <testcase name="searchExlink" time="57.962" classname="com.eisoo.anysharetest.FilelistTest" />
                <testcase name="delFiles" time="19.401" classname="com.eisoo.anysharetest.FilelistTest" />
                <testcase name="searchKws" time="41.112" classname="com.eisoo.anysharetest.FilelistTest" />
                <testcase name="asearchInlink" time="62.682" classname="com.eisoo.anysharetest.FilelistTest" />
                <testcase name="renameFile" time="29.877" classname="com.eisoo.anysharetest.FilelistTest" />
                <testcase name="delFile" time="18.750" classname="com.eisoo.anysharetest.FilelistTest" />
                <testcase name="searchAlldir" time="37.956" classname="com.eisoo.anysharetest.FilelistTest" />
      
</testsuite>
