<?xml version="1.0" encoding="UTF-8"?>
<testsuite name="Surefire test"
           tests="15"
           failures="0"
           errors="0"
           skipped="15"
           time="0.000">
  <properties />
  
            <testcase name="quit" time="0.0" classname="com.eisoo.anysharetest.LanguageSetTest">
          <skipped />
    </testcase>
            <testcase name="sleep" time="0.0" classname="com.eisoo.anysharetest.LanguageSetTest">
          <skipped />
    </testcase>
            <testcase name="sleep" time="0.0" classname="com.eisoo.anysharetest.LanguageSetTest">
          <skipped />
    </testcase>
            <testcase name="sleep" time="0.0" classname="com.eisoo.anysharetest.LanguageSetTest">
          <skipped />
    </testcase>
            <testcase name="sleep" time="0.0" classname="com.eisoo.anysharetest.LanguageSetTest">
          <skipped />
    </testcase>
            <testcase name="sleep" time="0.0" classname="com.eisoo.anysharetest.LanguageSetTest">
          <skipped />
    </testcase>
            <testcase name="afterClass" time="0.0" classname="com.eisoo.anysharetest.LanguageSetTest">
          <skipped />
    </testcase>
            <testcase name="login" time="0.0" classname="com.eisoo.anysharetest.LanguageSetTest">
          <skipped />
    </testcase>
            <testcase name="sleep" time="0.0" classname="com.eisoo.anysharetest.LanguageSetTest">
          <skipped />
    </testcase>
            <testcase name="setaTraditional" time="0.0" classname="com.eisoo.anysharetest.LanguageSetTest">
          <skipped />
    </testcase>
            <testcase name="setbCh" time="0.0" classname="com.eisoo.anysharetest.LanguageSetTest">
          <skipped />
    </testcase>
            <testcase name="setbTraditionalHome" time="0.0" classname="com.eisoo.anysharetest.LanguageSetTest">
          <skipped />
    </testcase>
            <testcase name="setbEnHome" time="0.0" classname="com.eisoo.anysharetest.LanguageSetTest">
          <skipped />
    </testcase>
            <testcase name="setaEn" time="0.0" classname="com.eisoo.anysharetest.LanguageSetTest">
          <skipped />
    </testcase>
            <testcase name="setcChHome" time="0.0" classname="com.eisoo.anysharetest.LanguageSetTest">
          <skipped />
    </testcase>
  
  
</testsuite>
