<?xml version="1.0" encoding="UTF-8"?>
<testsuite name="Surefire test"
           tests="10"
           failures="0"
           errors="0"
           skipped="10"
           time="0.000">
  <properties />
  
            <testcase name="afterMethod" time="0.0" classname="com.eisoo.anysharetest.GestureTest">
          <skipped />
    </testcase>
            <testcase name="afterClass" time="0.0" classname="com.eisoo.anysharetest.GestureTest">
          <skipped />
    </testcase>
            <testcase name="afterMethod" time="0.0" classname="com.eisoo.anysharetest.GestureTest">
          <skipped />
    </testcase>
            <testcase name="afterMethod" time="0.0" classname="com.eisoo.anysharetest.GestureTest">
          <skipped />
    </testcase>
            <testcase name="beforeClass" time="0.0" classname="com.eisoo.anysharetest.GestureTest">
          <skipped />
    </testcase>
            <testcase name="afterMethod" time="0.0" classname="com.eisoo.anysharetest.GestureTest">
          <skipped />
    </testcase>
            <testcase name="setOnTest" time="0.0" classname="com.eisoo.anysharetest.GestureTest">
          <skipped />
    </testcase>
            <testcase name="modifyTest" time="0.0" classname="com.eisoo.anysharetest.GestureTest">
          <skipped />
    </testcase>
            <testcase name="setOffTest" time="0.0" classname="com.eisoo.anysharetest.GestureTest">
          <skipped />
    </testcase>
            <testcase name="unlockTest" time="0.0" classname="com.eisoo.anysharetest.GestureTest">
          <skipped />
    </testcase>
  
  
</testsuite>
