<?xml version="1.0" encoding="UTF-8"?>
<testsuite name="Surefire test"
           tests="8"
           failures="0"
           errors="0"
           skipped="8"
           time="0.000">
  <properties />
  
            <testcase name="afterClass" time="0.0" classname="com.eisoo.anysharetest.MarkTest">
          <skipped />
    </testcase>
            <testcase name="afterMethod" time="0.0" classname="com.eisoo.anysharetest.MarkTest">
          <skipped />
    </testcase>
            <testcase name="beforeMethod" time="0.0" classname="com.eisoo.anysharetest.MarkTest">
          <skipped />
    </testcase>
            <testcase name="beforeMethod" time="0.0" classname="com.eisoo.anysharetest.MarkTest">
          <skipped />
    </testcase>
            <testcase name="afterMethod" time="0.0" classname="com.eisoo.anysharetest.MarkTest">
          <skipped />
    </testcase>
            <testcase name="beforeClass" time="0.0" classname="com.eisoo.anysharetest.MarkTest">
          <skipped />
    </testcase>
            <testcase name="unmarkAnyFile" time="0.0" classname="com.eisoo.anysharetest.MarkTest">
          <skipped />
    </testcase>
            <testcase name="markAnyFile" time="0.0" classname="com.eisoo.anysharetest.MarkTest">
          <skipped />
    </testcase>
  
  
</testsuite>
