<?xml version="1.0" encoding="UTF-8"?>
<testsuite name="Surefire test"
           tests="16"
           failures="0"
           errors="0"
           skipped="16"
           time="0.001">
  <properties />
  
            <testcase name="beforeClass" time="0.0" classname="com.eisoo.anysharetest.FilelistTest">
          <skipped />
    </testcase>
            <testcase name="afterMethod" time="0.0" classname="com.eisoo.anysharetest.FilelistTest">
          <skipped />
    </testcase>
            <testcase name="afterMethod" time="0.0" classname="com.eisoo.anysharetest.FilelistTest">
          <skipped />
    </testcase>
            <testcase name="afterClass" time="0.0" classname="com.eisoo.anysharetest.FilelistTest">
          <skipped />
    </testcase>
            <testcase name="afterMethod" time="0.0" classname="com.eisoo.anysharetest.FilelistTest">
          <skipped />
    </testcase>
            <testcase name="afterMethod" time="0.0" classname="com.eisoo.anysharetest.FilelistTest">
          <skipped />
    </testcase>
            <testcase name="afterMethod" time="0.0" classname="com.eisoo.anysharetest.FilelistTest">
          <skipped />
    </testcase>
            <testcase name="afterMethod" time="0.0" classname="com.eisoo.anysharetest.FilelistTest">
          <skipped />
    </testcase>
            <testcase name="afterMethod" time="0.0" classname="com.eisoo.anysharetest.FilelistTest">
          <skipped />
    </testcase>
            <testcase name="renameFile" time="0.0" classname="com.eisoo.anysharetest.FilelistTest">
          <skipped />
    </testcase>
            <testcase name="searchAlldir" time="0.0" classname="com.eisoo.anysharetest.FilelistTest">
          <skipped />
    </testcase>
            <testcase name="delFiles" time="0.0" classname="com.eisoo.anysharetest.FilelistTest">
          <skipped />
    </testcase>
            <testcase name="asearchInlink" time="0.0" classname="com.eisoo.anysharetest.FilelistTest">
          <skipped />
    </testcase>
            <testcase name="searchKws" time="0.0" classname="com.eisoo.anysharetest.FilelistTest">
          <skipped />
    </testcase>
            <testcase name="delFile" time="0.0" classname="com.eisoo.anysharetest.FilelistTest">
          <skipped />
    </testcase>
            <testcase name="searchExlink" time="0.0" classname="com.eisoo.anysharetest.FilelistTest">
          <skipped />
    </testcase>
  
  
</testsuite>
