<?xml version="1.0" encoding="UTF-8"?>
<testsuite name="Surefire test"
           tests="17"
           failures="0"
           errors="0"
           skipped="17"
           time="0.000">
  <properties />
  
            <testcase name="afterMethod" time="0.0" classname="com.eisoo.anysharetest.CommtTest">
          <skipped />
    </testcase>
            <testcase name="beforeMethod" time="0.0" classname="com.eisoo.anysharetest.CommtTest">
          <skipped />
    </testcase>
            <testcase name="beforeMethod" time="0.0" classname="com.eisoo.anysharetest.CommtTest">
          <skipped />
    </testcase>
            <testcase name="beforeMethod" time="0.0" classname="com.eisoo.anysharetest.CommtTest">
          <skipped />
    </testcase>
            <testcase name="afterMethod" time="0.0" classname="com.eisoo.anysharetest.CommtTest">
          <skipped />
    </testcase>
            <testcase name="login" time="0.0" classname="com.eisoo.anysharetest.CommtTest">
          <skipped />
    </testcase>
            <testcase name="afterMethod" time="0.0" classname="com.eisoo.anysharetest.CommtTest">
          <skipped />
    </testcase>
            <testcase name="beforeMethod" time="0.0" classname="com.eisoo.anysharetest.CommtTest">
          <skipped />
    </testcase>
            <testcase name="afterMethod" time="0.0" classname="com.eisoo.anysharetest.CommtTest">
          <skipped />
    </testcase>
            <testcase name="afterClass" time="0.0" classname="com.eisoo.anysharetest.CommtTest">
          <skipped />
    </testcase>
            <testcase name="afterMethod" time="0.0" classname="com.eisoo.anysharetest.CommtTest">
          <skipped />
    </testcase>
            <testcase name="beforeMethod" time="0.0" classname="com.eisoo.anysharetest.CommtTest">
          <skipped />
    </testcase>
            <testcase name="addcomm_overlimit" time="0.0" classname="com.eisoo.anysharetest.CommtTest">
          <skipped />
    </testcase>
            <testcase name="addcomm_inlimit" time="0.0" classname="com.eisoo.anysharetest.CommtTest">
          <skipped />
    </testcase>
            <testcase name="replycommt" time="0.0" classname="com.eisoo.anysharetest.CommtTest">
          <skipped />
    </testcase>
            <testcase name="delcommt" time="0.0" classname="com.eisoo.anysharetest.CommtTest">
          <skipped />
    </testcase>
            <testcase name="addcomm_diffChar" time="0.0" classname="com.eisoo.anysharetest.CommtTest">
          <skipped />
    </testcase>
  
  
</testsuite>
