<?xml version="1.0" encoding="UTF-8"?>
<testsuite xmlns:xsi="http://www.w3.org/2001/XMLSchema-instance" xsi:schemaLocation="https://maven.apache.org/surefire/maven-surefire-plugin/xsd/surefire-test-report.xsd" name="TestSuite" time="1.196" tests="321" errors="0" skipped="317" failures="3">
  <properties>
[...]
</properties>
  <testcase name="beforeClass" classname="com.eisoo.anysharetest.DownloadTest" time="0.848">
    <failure message="Could not start a new session. Possible causes are invalid address of the remote server or browser start-up failure.&#10;Build info: version: &apos;2.53.0&apos;, revision: &apos;35ae25b1534ae328c771e0856c93e187490ca824&apos;, time: &apos;2016-03-15 10:43:46&apos;&#10;System info: host: &apos;VivideMacBook-Pro.local&apos;, ip: &apos;192.168.2.30&apos;, os.name: &apos;Mac OS X&apos;, os.arch: &apos;x86_64&apos;, os.version: &apos;10.13.2&apos;, java.version: &apos;1.8.0_40&apos;&#10;Driver info: driver.version: AndroidDriver" type="org.openqa.selenium.remote.UnreachableBrowserException">org.openqa.selenium.remote.UnreachableBrowserException: 
Could not start a new session. Possible causes are invalid address of the remote server or browser start-up failure.
Build info: version: '2.53.0', revision: '35ae25b1534ae328c771e0856c93e187490ca824', time: '2016-03-15 10:43:46'
System info: host: 'VivideMacBook-Pro.local', ip: '192.168.2.30', os.name: 'Mac OS X', os.arch: 'x86_64', os.version: '10.13.2', java.version: '1.8.0_40'
Driver info: driver.version: AndroidDriver
	at com.eisoo.anysharetest.DownloadTest.beforeClass(DownloadTest.java:27)
Caused by: org.openqa.selenium.WebDriverException: 
org.apache.http.conn.HttpHostConnectException: Connect to 127.0.0.1:4723 [/127.0.0.1] failed: Connection refused
Build info: version: '2.53.0', revision: '35ae25b1534ae328c771e0856c93e187490ca824', time: '2016-03-15 10:43:46'
System info: host: 'VivideMacBook-Pro.local', ip: '192.168.2.30', os.name: 'Mac OS X', os.arch: 'x86_64', os.version: '10.13.2', java.version: '1.8.0_40'
Driver info: driver.version: AndroidDriver
	at com.eisoo.anysharetest.DownloadTest.beforeClass(DownloadTest.java:27)
Caused by: org.apache.http.conn.HttpHostConnectException: Connect to 127.0.0.1:4723 [/127.0.0.1] failed: Connection refused
	at com.eisoo.anysharetest.DownloadTest.beforeClass(DownloadTest.java:27)
Caused by: java.net.ConnectException: Connection refused
	at com.eisoo.anysharetest.DownloadTest.beforeClass(DownloadTest.java:27)
</failure>
    <system-out><![CDATA[BeforeTest
init 失败！
]]></system-out>
  </testcase>
  <testcase name="downldAFile" classname="com.eisoo.anysharetest.DownloadTest" time="0">
    <skipped/>
  </testcase>
  <testcase name="afterMethod" classname="com.eisoo.anysharetest.DownloadTest" time="0">
    <skipped/>
  </testcase>
  <testcase name="afterMethod" classname="com.eisoo.anysharetest.DownloadTest" time="0">
    <skipped/>
  </testcase>
  <testcase name="afterMethod" classname="com.eisoo.anysharetest.DownloadTest" time="0">
    <skipped/>
  </testcase>
  <testcase name="afterMethod" classname="com.eisoo.anysharetest.DownloadTest" time="0">
    <skipped/>
  </testcase>
  <testcase name="afterMethod" classname="com.eisoo.anysharetest.DownloadTest" time="0">
    <skipped/>
  </testcase>
  <testcase name="afterMethod" classname="com.eisoo.anysharetest.DownloadTest" time="0">
    <skipped/>
  </testcase>
  <testcase name="afterMethod" classname="com.eisoo.anysharetest.DownloadTest" time="0">
    <skipped/>
  </testcase>
  <testcase name="downldAllFile" classname="com.eisoo.anysharetest.DownloadTest" time="0">
    <skipped/>
  </testcase>
  <testcase name="downldManyFile" classname="com.eisoo.anysharetest.DownloadTest" time="0">
    <skipped/>
  </testcase>
  <testcase name="downldMultiFile" classname="com.eisoo.anysharetest.DownloadTest" time="0">
    <skipped/>
  </testcase>
  <testcase name="beforeClass" classname="com.eisoo.anysharetest.FullFuctionTest" time="0.006">
    <failure message="Could not start a new session. Possible causes are invalid address of the remote server or browser start-up failure.&#10;Build info: version: &apos;2.53.0&apos;, revision: &apos;35ae25b1534ae328c771e0856c93e187490ca824&apos;, time: &apos;2016-03-15 10:43:46&apos;&#10;System info: host: &apos;VivideMacBook-Pro.local&apos;, ip: &apos;192.168.2.30&apos;, os.name: &apos;Mac OS X&apos;, os.arch: &apos;x86_64&apos;, os.version: &apos;10.13.2&apos;, java.version: &apos;1.8.0_40&apos;&#10;Driver info: driver.version: AndroidDriver" type="org.openqa.selenium.remote.UnreachableBrowserException">org.openqa.selenium.remote.UnreachableBrowserException: 
Could not start a new session. Possible causes are invalid address of the remote server or browser start-up failure.
Build info: version: '2.53.0', revision: '35ae25b1534ae328c771e0856c93e187490ca824', time: '2016-03-15 10:43:46'
System info: host: 'VivideMacBook-Pro.local', ip: '192.168.2.30', os.name: 'Mac OS X', os.arch: 'x86_64', os.version: '10.13.2', java.version: '1.8.0_40'
Driver info: driver.version: AndroidDriver
	at com.eisoo.anysharetest.FullFuctionTest.beforeClass(FullFuctionTest.java:28)
Caused by: org.openqa.selenium.WebDriverException: 
org.apache.http.conn.HttpHostConnectException: Connect to 127.0.0.1:4723 [/127.0.0.1] failed: Connection refused
Build info: version: '2.53.0', revision: '35ae25b1534ae328c771e0856c93e187490ca824', time: '2016-03-15 10:43:46'
System info: host: 'VivideMacBook-Pro.local', ip: '192.168.2.30', os.name: 'Mac OS X', os.arch: 'x86_64', os.version: '10.13.2', java.version: '1.8.0_40'
Driver info: driver.version: AndroidDriver
	at com.eisoo.anysharetest.FullFuctionTest.beforeClass(FullFuctionTest.java:28)
Caused by: org.apache.http.conn.HttpHostConnectException: Connect to 127.0.0.1:4723 [/127.0.0.1] failed: Connection refused
	at com.eisoo.anysharetest.FullFuctionTest.beforeClass(FullFuctionTest.java:28)
Caused by: java.net.ConnectException: Connection refused
	at com.eisoo.anysharetest.FullFuctionTest.beforeClass(FullFuctionTest.java:28)
</failure>
  </testcase>
  <testcase name="beforeMethod" classname="com.eisoo.anysharetest.FullFuctionTest" time="0">
    <skipped/>
  </testcase>
  <testcase name="beforeMethod" classname="com.eisoo.anysharetest.FullFuctionTest" time="0">
    <skipped/>
  </testcase>
  <testcase name="beforeMethod" classname="com.eisoo.anysharetest.FullFuctionTest" time="0">
    <skipped/>
  </testcase>
  <testcase name="beforeMethod" classname="com.eisoo.anysharetest.FullFuctionTest" time="0">
    <skipped/>
  </testcase>
  <testcase name="beforeMethod" classname="com.eisoo.anysharetest.FullFuctionTest" time="0">
    <skipped/>
  </testcase>
  <testcase name="beforeMethod" classname="com.eisoo.anysharetest.FullFuctionTest" time="0">
    <skipped/>
  </testcase>
  <testcase name="beforeMethod" classname="com.eisoo.anysharetest.FullFuctionTest" time="0">
    <skipped/>
  </testcase>
  <testcase name="beforeMethod" classname="com.eisoo.anysharetest.FullFuctionTest" time="0">
    <skipped/>
  </testcase>
  <testcase name="beforeMethod" classname="com.eisoo.anysharetest.FullFuctionTest" time="0">
    <skipped/>
  </testcase>
  <testcase name="beforeMethod" classname="com.eisoo.anysharetest.FullFuctionTest" time="0">
    <skipped/>
  </testcase>
  <testcase name="beforeMethod" classname="com.eisoo.anysharetest.FullFuctionTest" time="0">
    <skipped/>
  </testcase>
  <testcase name="beforeMethod" classname="com.eisoo.anysharetest.FullFuctionTest" time="0">
    <skipped/>
  </testcase>
  <testcase name="beforeMethod" classname="com.eisoo.anysharetest.FullFuctionTest" time="0">
    <skipped/>
  </testcase>
  <testcase name="beforeMethod" classname="com.eisoo.anysharetest.FullFuctionTest" time="0">
    <skipped/>
  </testcase>
  <testcase name="beforeMethod" classname="com.eisoo.anysharetest.FullFuctionTest" time="0">
    <skipped/>
  </testcase>
  <testcase name="beforeMethod" classname="com.eisoo.anysharetest.FullFuctionTest" time="0">
    <skipped/>
  </testcase>
  <testcase name="beforeMethod" classname="com.eisoo.anysharetest.FullFuctionTest" time="0">
    <skipped/>
  </testcase>
  <testcase name="beforeMethod" classname="com.eisoo.anysharetest.FullFuctionTest" time="0">
    <skipped/>
  </testcase>
  <testcase name="beforeMethod" classname="com.eisoo.anysharetest.FullFuctionTest" time="0">
    <skipped/>
  </testcase>
  <testcase name="beforeMethod" classname="com.eisoo.anysharetest.FullFuctionTest" time="0">
    <skipped/>
  </testcase>
  <testcase name="beforeMethod" classname="com.eisoo.anysharetest.FullFuctionTest" time="0">
    <skipped/>
  </testcase>
  <testcase name="beforeMethod" classname="com.eisoo.anysharetest.FullFuctionTest" time="0">
    <skipped/>
  </testcase>
  <testcase name="beforeMethod" classname="com.eisoo.anysharetest.FullFuctionTest" time="0">
    <skipped/>
  </testcase>
  <testcase name="beforeMethod" classname="com.eisoo.anysharetest.FullFuctionTest" time="0">
    <skipped/>
  </testcase>
  <testcase name="beforeMethod" classname="com.eisoo.anysharetest.FullFuctionTest" time="0">
    <skipped/>
  </testcase>
  <testcase name="beforeMethod" classname="com.eisoo.anysharetest.FullFuctionTest" time="0">
    <skipped/>
  </testcase>
  <testcase name="beforeMethod" classname="com.eisoo.anysharetest.FullFuctionTest" time="0">
    <skipped/>
  </testcase>
  <testcase name="beforeMethod" classname="com.eisoo.anysharetest.FullFuctionTest" time="0">
    <skipped/>
  </testcase>
  <testcase name="beforeMethod" classname="com.eisoo.anysharetest.FullFuctionTest" time="0">
    <skipped/>
  </testcase>
  <testcase name="beforeMethod" classname="com.eisoo.anysharetest.FullFuctionTest" time="0">
    <skipped/>
  </testcase>
  <testcase name="beforeMethod" classname="com.eisoo.anysharetest.FullFuctionTest" time="0">
    <skipped/>
  </testcase>
  <testcase name="beforeMethod" classname="com.eisoo.anysharetest.FullFuctionTest" time="0">
    <skipped/>
  </testcase>
  <testcase name="beforeMethod" classname="com.eisoo.anysharetest.FullFuctionTest" time="0">
    <skipped/>
  </testcase>
  <testcase name="beforeMethod" classname="com.eisoo.anysharetest.FullFuctionTest" time="0">
    <skipped/>
  </testcase>
  <testcase name="beforeMethod" classname="com.eisoo.anysharetest.FullFuctionTest" time="0">
    <skipped/>
  </testcase>
  <testcase name="beforeMethod" classname="com.eisoo.anysharetest.FullFuctionTest" time="0">
    <skipped/>
  </testcase>
  <testcase name="beforeMethod" classname="com.eisoo.anysharetest.FullFuctionTest" time="0">
    <skipped/>
  </testcase>
  <testcase name="beforeMethod" classname="com.eisoo.anysharetest.FullFuctionTest" time="0">
    <skipped/>
  </testcase>
  <testcase name="beforeMethod" classname="com.eisoo.anysharetest.FullFuctionTest" time="0">
    <skipped/>
  </testcase>
  <testcase name="beforeMethod" classname="com.eisoo.anysharetest.FullFuctionTest" time="0">
    <skipped/>
  </testcase>
  <testcase name="beforeMethod" classname="com.eisoo.anysharetest.FullFuctionTest" time="0">
    <skipped/>
  </testcase>
  <testcase name="beforeMethod" classname="com.eisoo.anysharetest.FullFuctionTest" time="0">
    <skipped/>
  </testcase>
  <testcase name="beforeMethod" classname="com.eisoo.anysharetest.FullFuctionTest" time="0">
    <skipped/>
  </testcase>
  <testcase name="beforeMethod" classname="com.eisoo.anysharetest.FullFuctionTest" time="0">
    <skipped/>
  </testcase>
  <testcase name="beforeMethod" classname="com.eisoo.anysharetest.FullFuctionTest" time="0">
    <skipped/>
  </testcase>
  <testcase name="beforeMethod" classname="com.eisoo.anysharetest.FullFuctionTest" time="0">
    <skipped/>
  </testcase>
  <testcase name="beforeMethod" classname="com.eisoo.anysharetest.FullFuctionTest" time="0">
    <skipped/>
  </testcase>
  <testcase name="beforeMethod" classname="com.eisoo.anysharetest.FullFuctionTest" time="0">
    <skipped/>
  </testcase>
  <testcase name="beforeMethod" classname="com.eisoo.anysharetest.FullFuctionTest" time="0">
    <skipped/>
  </testcase>
  <testcase name="beforeMethod" classname="com.eisoo.anysharetest.FullFuctionTest" time="0">
    <skipped/>
  </testcase>
  <testcase name="beforeMethod" classname="com.eisoo.anysharetest.FullFuctionTest" time="0">
    <skipped/>
  </testcase>
  <testcase name="beforeMethod" classname="com.eisoo.anysharetest.FullFuctionTest" time="0">
    <skipped/>
  </testcase>
  <testcase name="beforeMethod" classname="com.eisoo.anysharetest.FullFuctionTest" time="0">
    <skipped/>
  </testcase>
  <testcase name="beforeMethod" classname="com.eisoo.anysharetest.FullFuctionTest" time="0">
    <skipped/>
  </testcase>
  <testcase name="beforeMethod" classname="com.eisoo.anysharetest.FullFuctionTest" time="0">
    <skipped/>
  </testcase>
  <testcase name="beforeMethod" classname="com.eisoo.anysharetest.FullFuctionTest" time="0">
    <skipped/>
  </testcase>
  <testcase name="a_uploadAllVideo" classname="com.eisoo.anysharetest.FullFuctionTest" time="0">
    <skipped/>
  </testcase>
  <testcase name="afterMethod" classname="com.eisoo.anysharetest.FullFuctionTest" time="0">
    <skipped/>
  </testcase>
  <testcase name="afterMethod" classname="com.eisoo.anysharetest.FullFuctionTest" time="0">
    <skipped/>
  </testcase>
  <testcase name="afterMethod" classname="com.eisoo.anysharetest.FullFuctionTest" time="0">
    <skipped/>
  </testcase>
  <testcase name="afterMethod" classname="com.eisoo.anysharetest.FullFuctionTest" time="0">
    <skipped/>
  </testcase>
  <testcase name="afterMethod" classname="com.eisoo.anysharetest.FullFuctionTest" time="0">
    <skipped/>
  </testcase>
  <testcase name="afterMethod" classname="com.eisoo.anysharetest.FullFuctionTest" time="0">
    <skipped/>
  </testcase>
  <testcase name="afterMethod" classname="com.eisoo.anysharetest.FullFuctionTest" time="0">
    <skipped/>
  </testcase>
  <testcase name="afterMethod" classname="com.eisoo.anysharetest.FullFuctionTest" time="0">
    <skipped/>
  </testcase>
  <testcase name="afterMethod" classname="com.eisoo.anysharetest.FullFuctionTest" time="0">
    <skipped/>
  </testcase>
  <testcase name="afterMethod" classname="com.eisoo.anysharetest.FullFuctionTest" time="0">
    <skipped/>
  </testcase>
  <testcase name="afterMethod" classname="com.eisoo.anysharetest.FullFuctionTest" time="0">
    <skipped/>
  </testcase>
  <testcase name="afterMethod" classname="com.eisoo.anysharetest.FullFuctionTest" time="0">
    <skipped/>
  </testcase>
  <testcase name="afterMethod" classname="com.eisoo.anysharetest.FullFuctionTest" time="0">
    <skipped/>
  </testcase>
  <testcase name="afterMethod" classname="com.eisoo.anysharetest.FullFuctionTest" time="0">
    <skipped/>
  </testcase>
  <testcase name="afterMethod" classname="com.eisoo.anysharetest.FullFuctionTest" time="0">
    <skipped/>
  </testcase>
  <testcase name="afterMethod" classname="com.eisoo.anysharetest.FullFuctionTest" time="0">
    <skipped/>
  </testcase>
  <testcase name="afterMethod" classname="com.eisoo.anysharetest.FullFuctionTest" time="0">
    <skipped/>
  </testcase>
  <testcase name="afterMethod" classname="com.eisoo.anysharetest.FullFuctionTest" time="0">
    <skipped/>
  </testcase>
  <testcase name="afterMethod" classname="com.eisoo.anysharetest.FullFuctionTest" time="0">
    <skipped/>
  </testcase>
  <testcase name="afterMethod" classname="com.eisoo.anysharetest.FullFuctionTest" time="0">
    <skipped/>
  </testcase>
  <testcase name="afterMethod" classname="com.eisoo.anysharetest.FullFuctionTest" time="0">
    <skipped/>
  </testcase>
  <testcase name="afterMethod" classname="com.eisoo.anysharetest.FullFuctionTest" time="0">
    <skipped/>
  </testcase>
  <testcase name="afterMethod" classname="com.eisoo.anysharetest.FullFuctionTest" time="0">
    <skipped/>
  </testcase>
  <testcase name="afterMethod" classname="com.eisoo.anysharetest.FullFuctionTest" time="0">
    <skipped/>
  </testcase>
  <testcase name="afterMethod" classname="com.eisoo.anysharetest.FullFuctionTest" time="0">
    <skipped/>
  </testcase>
  <testcase name="afterMethod" classname="com.eisoo.anysharetest.FullFuctionTest" time="0">
    <skipped/>
  </testcase>
  <testcase name="afterMethod" classname="com.eisoo.anysharetest.FullFuctionTest" time="0">
    <skipped/>
  </testcase>
  <testcase name="afterMethod" classname="com.eisoo.anysharetest.FullFuctionTest" time="0">
    <skipped/>
  </testcase>
  <testcase name="afterMethod" classname="com.eisoo.anysharetest.FullFuctionTest" time="0">
    <skipped/>
  </testcase>
  <testcase name="afterMethod" classname="com.eisoo.anysharetest.FullFuctionTest" time="0">
    <skipped/>
  </testcase>
  <testcase name="afterMethod" classname="com.eisoo.anysharetest.FullFuctionTest" time="0">
    <skipped/>
  </testcase>
  <testcase name="afterMethod" classname="com.eisoo.anysharetest.FullFuctionTest" time="0">
    <skipped/>
  </testcase>
  <testcase name="afterMethod" classname="com.eisoo.anysharetest.FullFuctionTest" time="0">
    <skipped/>
  </testcase>
  <testcase name="afterMethod" classname="com.eisoo.anysharetest.FullFuctionTest" time="0">
    <skipped/>
  </testcase>
  <testcase name="afterMethod" classname="com.eisoo.anysharetest.FullFuctionTest" time="0">
    <skipped/>
  </testcase>
  <testcase name="afterMethod" classname="com.eisoo.anysharetest.FullFuctionTest" time="0">
    <skipped/>
  </testcase>
  <testcase name="afterMethod" classname="com.eisoo.anysharetest.FullFuctionTest" time="0">
    <skipped/>
  </testcase>
  <testcase name="afterMethod" classname="com.eisoo.anysharetest.FullFuctionTest" time="0">
    <skipped/>
  </testcase>
  <testcase name="afterMethod" classname="com.eisoo.anysharetest.FullFuctionTest" time="0">
    <skipped/>
  </testcase>
  <testcase name="afterMethod" classname="com.eisoo.anysharetest.FullFuctionTest" time="0">
    <skipped/>
  </testcase>
  <testcase name="afterMethod" classname="com.eisoo.anysharetest.FullFuctionTest" time="0">
    <skipped/>
  </testcase>
  <testcase name="afterMethod" classname="com.eisoo.anysharetest.FullFuctionTest" time="0">
    <skipped/>
  </testcase>
  <testcase name="afterMethod" classname="com.eisoo.anysharetest.FullFuctionTest" time="0">
    <skipped/>
  </testcase>
  <testcase name="afterMethod" classname="com.eisoo.anysharetest.FullFuctionTest" time="0">
    <skipped/>
  </testcase>
  <testcase name="afterMethod" classname="com.eisoo.anysharetest.FullFuctionTest" time="0">
    <skipped/>
  </testcase>
  <testcase name="afterMethod" classname="com.eisoo.anysharetest.FullFuctionTest" time="0">
    <skipped/>
  </testcase>
  <testcase name="afterMethod" classname="com.eisoo.anysharetest.FullFuctionTest" time="0">
    <skipped/>
  </testcase>
  <testcase name="afterMethod" classname="com.eisoo.anysharetest.FullFuctionTest" time="0">
    <skipped/>
  </testcase>
  <testcase name="afterMethod" classname="com.eisoo.anysharetest.FullFuctionTest" time="0">
    <skipped/>
  </testcase>
  <testcase name="afterMethod" classname="com.eisoo.anysharetest.FullFuctionTest" time="0">
    <skipped/>
  </testcase>
  <testcase name="afterMethod" classname="com.eisoo.anysharetest.FullFuctionTest" time="0">
    <skipped/>
  </testcase>
  <testcase name="afterMethod" classname="com.eisoo.anysharetest.FullFuctionTest" time="0">
    <skipped/>
  </testcase>
  <testcase name="afterMethod" classname="com.eisoo.anysharetest.FullFuctionTest" time="0">
    <skipped/>
  </testcase>
  <testcase name="afterMethod" classname="com.eisoo.anysharetest.FullFuctionTest" time="0">
    <skipped/>
  </testcase>
  <testcase name="afterMethod" classname="com.eisoo.anysharetest.FullFuctionTest" time="0">
    <skipped/>
  </testcase>
  <testcase name="afterMethod" classname="com.eisoo.anysharetest.FullFuctionTest" time="0">
    <skipped/>
  </testcase>
  <testcase name="a_uploadAudio" classname="com.eisoo.anysharetest.FullFuctionTest" time="0">
    <skipped/>
  </testcase>
  <testcase name="a_uploadContinueVideo" classname="com.eisoo.anysharetest.FullFuctionTest" time="0">
    <skipped/>
  </testcase>
  <testcase name="a_uploadFile" classname="com.eisoo.anysharetest.FullFuctionTest" time="0">
    <skipped/>
  </testcase>
  <testcase name="a_uploadMulVideo" classname="com.eisoo.anysharetest.FullFuctionTest" time="0">
    <skipped/>
  </testcase>
  <testcase name="a_uploadNoPermission" classname="com.eisoo.anysharetest.FullFuctionTest" time="0">
    <skipped/>
  </testcase>
  <testcase name="a_uploadNoWifi" classname="com.eisoo.anysharetest.FullFuctionTest" time="0">
    <skipped/>
  </testcase>
  <testcase name="a_uploadPauseVideo" classname="com.eisoo.anysharetest.FullFuctionTest" time="0">
    <skipped/>
  </testcase>
  <testcase name="a_uploadPics" classname="com.eisoo.anysharetest.FullFuctionTest" time="0">
    <skipped/>
  </testcase>
  <testcase name="a_uploadTakePhoto" classname="com.eisoo.anysharetest.FullFuctionTest" time="0">
    <skipped/>
  </testcase>
  <testcase name="a_uploadVideo" classname="com.eisoo.anysharetest.FullFuctionTest" time="0">
    <skipped/>
  </testcase>
  <testcase name="a_uploadWaitWifi" classname="com.eisoo.anysharetest.FullFuctionTest" time="0">
    <skipped/>
  </testcase>
  <testcase name="b2_downldNoPermisison" classname="com.eisoo.anysharetest.FullFuctionTest" time="0">
    <skipped/>
  </testcase>
  <testcase name="b2_downldWaitWfi" classname="com.eisoo.anysharetest.FullFuctionTest" time="0">
    <skipped/>
  </testcase>
  <testcase name="b_downldAFile" classname="com.eisoo.anysharetest.FullFuctionTest" time="0">
    <skipped/>
  </testcase>
  <testcase name="b_downldAllFile" classname="com.eisoo.anysharetest.FullFuctionTest" time="0">
    <skipped/>
  </testcase>
  <testcase name="b_downldManyFile" classname="com.eisoo.anysharetest.FullFuctionTest" time="0">
    <skipped/>
  </testcase>
  <testcase name="b_downldMultiFile" classname="com.eisoo.anysharetest.FullFuctionTest" time="0">
    <skipped/>
  </testcase>
  <testcase name="c_asearchInlink" classname="com.eisoo.anysharetest.FullFuctionTest" time="0">
    <skipped/>
  </testcase>
  <testcase name="c_delFile" classname="com.eisoo.anysharetest.FullFuctionTest" time="0">
    <skipped/>
  </testcase>
  <testcase name="c_delFiles" classname="com.eisoo.anysharetest.FullFuctionTest" time="0">
    <skipped/>
  </testcase>
  <testcase name="c_renameFile" classname="com.eisoo.anysharetest.FullFuctionTest" time="0">
    <skipped/>
  </testcase>
  <testcase name="c_searchAlldir" classname="com.eisoo.anysharetest.FullFuctionTest" time="0">
    <skipped/>
  </testcase>
  <testcase name="c_searchExlink" classname="com.eisoo.anysharetest.FullFuctionTest" time="0">
    <skipped/>
  </testcase>
  <testcase name="c_searchKws" classname="com.eisoo.anysharetest.FullFuctionTest" time="0">
    <skipped/>
  </testcase>
  <testcase name="d_openAudio" classname="com.eisoo.anysharetest.FullFuctionTest" time="0">
    <skipped/>
  </testcase>
  <testcase name="d_openFile" classname="com.eisoo.anysharetest.FullFuctionTest" time="0">
    <skipped/>
  </testcase>
  <testcase name="d_openPic" classname="com.eisoo.anysharetest.FullFuctionTest" time="0">
    <skipped/>
  </testcase>
  <testcase name="d_openVideo" classname="com.eisoo.anysharetest.FullFuctionTest" time="0">
    <skipped/>
  </testcase>
  <testcase name="e_copyAllFiles" classname="com.eisoo.anysharetest.FullFuctionTest" time="0">
    <skipped/>
  </testcase>
  <testcase name="e_copyFile" classname="com.eisoo.anysharetest.FullFuctionTest" time="0">
    <skipped/>
  </testcase>
  <testcase name="e_copyFileSingle" classname="com.eisoo.anysharetest.FullFuctionTest" time="0">
    <skipped/>
  </testcase>
  <testcase name="e_copyFiles" classname="com.eisoo.anysharetest.FullFuctionTest" time="0">
    <skipped/>
  </testcase>
  <testcase name="e_moveAllFiles" classname="com.eisoo.anysharetest.FullFuctionTest" time="0">
    <skipped/>
  </testcase>
  <testcase name="e_moveFile" classname="com.eisoo.anysharetest.FullFuctionTest" time="0">
    <skipped/>
  </testcase>
  <testcase name="e_moveFileSingle" classname="com.eisoo.anysharetest.FullFuctionTest" time="0">
    <skipped/>
  </testcase>
  <testcase name="e_moveFiles" classname="com.eisoo.anysharetest.FullFuctionTest" time="0">
    <skipped/>
  </testcase>
  <testcase name="f_addcomm_diffChar" classname="com.eisoo.anysharetest.FullFuctionTest" time="0">
    <skipped/>
  </testcase>
  <testcase name="f_addcomm_inlimit" classname="com.eisoo.anysharetest.FullFuctionTest" time="0">
    <skipped/>
  </testcase>
  <testcase name="f_addcomm_overlimit" classname="com.eisoo.anysharetest.FullFuctionTest" time="0">
    <skipped/>
  </testcase>
  <testcase name="f_delcommt" classname="com.eisoo.anysharetest.FullFuctionTest" time="0">
    <skipped/>
  </testcase>
  <testcase name="f_replycommt" classname="com.eisoo.anysharetest.FullFuctionTest" time="0">
    <skipped/>
  </testcase>
  <testcase name="g_markAnyFile" classname="com.eisoo.anysharetest.FullFuctionTest" time="0">
    <skipped/>
  </testcase>
  <testcase name="g_unmarkAnyFile" classname="com.eisoo.anysharetest.FullFuctionTest" time="0">
    <skipped/>
  </testcase>
  <testcase name="h1_setOnTest" classname="com.eisoo.anysharetest.FullFuctionTest" time="0">
    <skipped/>
  </testcase>
  <testcase name="h2_modifyTest" classname="com.eisoo.anysharetest.FullFuctionTest" time="0">
    <skipped/>
  </testcase>
  <testcase name="h2_unlockTest" classname="com.eisoo.anysharetest.FullFuctionTest" time="0">
    <skipped/>
  </testcase>
  <testcase name="h3_setOffTest" classname="com.eisoo.anysharetest.FullFuctionTest" time="0">
    <skipped/>
  </testcase>
  <testcase name="i_setaEn" classname="com.eisoo.anysharetest.FullFuctionTest" time="0">
    <skipped/>
  </testcase>
  <testcase name="i_setaTraditional" classname="com.eisoo.anysharetest.FullFuctionTest" time="0">
    <skipped/>
  </testcase>
  <testcase name="i_setbCh" classname="com.eisoo.anysharetest.FullFuctionTest" time="0">
    <skipped/>
  </testcase>
  <testcase name="i_setbEnHome" classname="com.eisoo.anysharetest.FullFuctionTest" time="0">
    <skipped/>
  </testcase>
  <testcase name="i_setbTraditionalHome" classname="com.eisoo.anysharetest.FullFuctionTest" time="0">
    <skipped/>
  </testcase>
  <testcase name="i_setcChHome" classname="com.eisoo.anysharetest.FullFuctionTest" time="0">
    <skipped/>
  </testcase>
  <testcase name="z_loginDomainTest" classname="com.eisoo.anysharetest.FullFuctionTest" time="0">
    <skipped/>
  </testcase>
  <testcase name="downldNoWifi" classname="com.eisoo.anysharetest.DownloadTest" time="0">
    <skipped/>
  </testcase>
  <testcase name="b1_downldNoWifi" classname="com.eisoo.anysharetest.FullFuctionTest" time="0">
    <skipped/>
  </testcase>
  <testcase name="afterClass" classname="com.eisoo.anysharetest.FullFuctionTest" time="0">
    <skipped/>
  </testcase>
  <testcase name="downldNoPermisison" classname="com.eisoo.anysharetest.DownloadTest" time="0">
    <skipped/>
  </testcase>
  <testcase name="downldWaitWfi" classname="com.eisoo.anysharetest.DownloadTest" time="0">
    <skipped/>
  </testcase>
  <testcase name="afterClass" classname="com.eisoo.anysharetest.DownloadTest" time="0">
    <skipped/>
  </testcase>
  <testcase name="login" classname="com.eisoo.anysharetest.CopyMoveTest" time="0.009">
    <failure message="Could not start a new session. Possible causes are invalid address of the remote server or browser start-up failure.&#10;Build info: version: &apos;2.53.0&apos;, revision: &apos;35ae25b1534ae328c771e0856c93e187490ca824&apos;, time: &apos;2016-03-15 10:43:46&apos;&#10;System info: host: &apos;VivideMacBook-Pro.local&apos;, ip: &apos;192.168.2.30&apos;, os.name: &apos;Mac OS X&apos;, os.arch: &apos;x86_64&apos;, os.version: &apos;10.13.2&apos;, java.version: &apos;1.8.0_40&apos;&#10;Driver info: driver.version: AndroidDriver" type="org.openqa.selenium.remote.UnreachableBrowserException">org.openqa.selenium.remote.UnreachableBrowserException: 
Could not start a new session. Possible causes are invalid address of the remote server or browser start-up failure.
Build info: version: '2.53.0', revision: '35ae25b1534ae328c771e0856c93e187490ca824', time: '2016-03-15 10:43:46'
System info: host: 'VivideMacBook-Pro.local', ip: '192.168.2.30', os.name: 'Mac OS X', os.arch: 'x86_64', os.version: '10.13.2', java.version: '1.8.0_40'
Driver info: driver.version: AndroidDriver
	at com.eisoo.anysharetest.CopyMoveTest.login(CopyMoveTest.java:21)
Caused by: org.openqa.selenium.WebDriverException: 
org.apache.http.conn.HttpHostConnectException: Connect to 127.0.0.1:4723 [/127.0.0.1] failed: Connection refused
Build info: version: '2.53.0', revision: '35ae25b1534ae328c771e0856c93e187490ca824', time: '2016-03-15 10:43:46'
System info: host: 'VivideMacBook-Pro.local', ip: '192.168.2.30', os.name: 'Mac OS X', os.arch: 'x86_64', os.version: '10.13.2', java.version: '1.8.0_40'
Driver info: driver.version: AndroidDriver
	at com.eisoo.anysharetest.CopyMoveTest.login(CopyMoveTest.java:21)
Caused by: org.apache.http.conn.HttpHostConnectException: Connect to 127.0.0.1:4723 [/127.0.0.1] failed: Connection refused
	at com.eisoo.anysharetest.CopyMoveTest.login(CopyMoveTest.java:21)
Caused by: java.net.ConnectException: Connection refused
	at com.eisoo.anysharetest.CopyMoveTest.login(CopyMoveTest.java:21)
</failure>
  </testcase>
  <testcase name="copyAllFiles" classname="com.eisoo.anysharetest.CopyMoveTest" time="0">
    <skipped/>
  </testcase>
  <testcase name="sleep" classname="com.eisoo.anysharetest.CopyMoveTest" time="0">
    <skipped/>
  </testcase>
  <testcase name="sleep" classname="com.eisoo.anysharetest.CopyMoveTest" time="0">
    <skipped/>
  </testcase>
  <testcase name="sleep" classname="com.eisoo.anysharetest.CopyMoveTest" time="0">
    <skipped/>
  </testcase>
  <testcase name="sleep" classname="com.eisoo.anysharetest.CopyMoveTest" time="0">
    <skipped/>
  </testcase>
  <testcase name="sleep" classname="com.eisoo.anysharetest.CopyMoveTest" time="0">
    <skipped/>
  </testcase>
  <testcase name="sleep" classname="com.eisoo.anysharetest.CopyMoveTest" time="0">
    <skipped/>
  </testcase>
  <testcase name="sleep" classname="com.eisoo.anysharetest.CopyMoveTest" time="0">
    <skipped/>
  </testcase>
  <testcase name="sleep" classname="com.eisoo.anysharetest.CopyMoveTest" time="0">
    <skipped/>
  </testcase>
  <testcase name="copyFile" classname="com.eisoo.anysharetest.CopyMoveTest" time="0">
    <skipped/>
  </testcase>
  <testcase name="copyFileSingle" classname="com.eisoo.anysharetest.CopyMoveTest" time="0">
    <skipped/>
  </testcase>
  <testcase name="copyFiles" classname="com.eisoo.anysharetest.CopyMoveTest" time="0">
    <skipped/>
  </testcase>
  <testcase name="moveAllFiles" classname="com.eisoo.anysharetest.CopyMoveTest" time="0">
    <skipped/>
  </testcase>
  <testcase name="moveFile" classname="com.eisoo.anysharetest.CopyMoveTest" time="0">
    <skipped/>
  </testcase>
  <testcase name="moveFileSingle" classname="com.eisoo.anysharetest.CopyMoveTest" time="0">
    <skipped/>
  </testcase>
  <testcase name="moveFiles" classname="com.eisoo.anysharetest.CopyMoveTest" time="0">
    <skipped/>
  </testcase>
  <testcase name="quit" classname="com.eisoo.anysharetest.CopyMoveTest" time="0">
    <skipped/>
  </testcase>
  <testcase name="afterClass" classname="com.eisoo.anysharetest.CopyMoveTest" time="0">
    <skipped/>
  </testcase>
  <testcase name="login" classname="com.eisoo.anysharetest.LanguageSetTest" time="0">
    <skipped/>
  </testcase>
  <testcase name="setaEn" classname="com.eisoo.anysharetest.LanguageSetTest" time="0">
    <skipped/>
  </testcase>
  <testcase name="sleep" classname="com.eisoo.anysharetest.LanguageSetTest" time="0">
    <skipped/>
  </testcase>
  <testcase name="sleep" classname="com.eisoo.anysharetest.LanguageSetTest" time="0">
    <skipped/>
  </testcase>
  <testcase name="sleep" classname="com.eisoo.anysharetest.LanguageSetTest" time="0">
    <skipped/>
  </testcase>
  <testcase name="sleep" classname="com.eisoo.anysharetest.LanguageSetTest" time="0">
    <skipped/>
  </testcase>
  <testcase name="sleep" classname="com.eisoo.anysharetest.LanguageSetTest" time="0">
    <skipped/>
  </testcase>
  <testcase name="sleep" classname="com.eisoo.anysharetest.LanguageSetTest" time="0">
    <skipped/>
  </testcase>
  <testcase name="setaTraditional" classname="com.eisoo.anysharetest.LanguageSetTest" time="0">
    <skipped/>
  </testcase>
  <testcase name="setbCh" classname="com.eisoo.anysharetest.LanguageSetTest" time="0">
    <skipped/>
  </testcase>
  <testcase name="setbEnHome" classname="com.eisoo.anysharetest.LanguageSetTest" time="0">
    <skipped/>
  </testcase>
  <testcase name="setbTraditionalHome" classname="com.eisoo.anysharetest.LanguageSetTest" time="0">
    <skipped/>
  </testcase>
  <testcase name="setcChHome" classname="com.eisoo.anysharetest.LanguageSetTest" time="0">
    <skipped/>
  </testcase>
  <testcase name="quit" classname="com.eisoo.anysharetest.LanguageSetTest" time="0">
    <skipped/>
  </testcase>
  <testcase name="afterClass" classname="com.eisoo.anysharetest.LanguageSetTest" time="0">
    <skipped/>
  </testcase>
  <testcase name="beforeClass" classname="com.eisoo.anysharetest.MarkTest" time="0">
    <skipped/>
  </testcase>
  <testcase name="beforeMethod" classname="com.eisoo.anysharetest.MarkTest" time="0">
    <skipped/>
  </testcase>
  <testcase name="beforeMethod" classname="com.eisoo.anysharetest.MarkTest" time="0">
    <skipped/>
  </testcase>
  <testcase name="markAnyFile" classname="com.eisoo.anysharetest.MarkTest" time="0">
    <skipped/>
  </testcase>
  <testcase name="afterMethod" classname="com.eisoo.anysharetest.MarkTest" time="0">
    <skipped/>
  </testcase>
  <testcase name="afterMethod" classname="com.eisoo.anysharetest.MarkTest" time="0">
    <skipped/>
  </testcase>
  <testcase name="unmarkAnyFile" classname="com.eisoo.anysharetest.MarkTest" time="0">
    <skipped/>
  </testcase>
  <testcase name="afterClass" classname="com.eisoo.anysharetest.MarkTest" time="0">
    <skipped/>
  </testcase>
  <testcase name="beforeClass" classname="com.eisoo.anysharetest.GestureTest" time="0">
    <skipped/>
  </testcase>
  <testcase name="setOnTest" classname="com.eisoo.anysharetest.GestureTest" time="0">
    <skipped/>
  </testcase>
  <testcase name="afterMethod" classname="com.eisoo.anysharetest.GestureTest" time="0">
    <skipped/>
  </testcase>
  <testcase name="afterMethod" classname="com.eisoo.anysharetest.GestureTest" time="0">
    <skipped/>
  </testcase>
  <testcase name="afterMethod" classname="com.eisoo.anysharetest.GestureTest" time="0">
    <skipped/>
  </testcase>
  <testcase name="afterMethod" classname="com.eisoo.anysharetest.GestureTest" time="0">
    <skipped/>
  </testcase>
  <testcase name="modifyTest" classname="com.eisoo.anysharetest.GestureTest" time="0">
    <skipped/>
  </testcase>
  <testcase name="unlockTest" classname="com.eisoo.anysharetest.GestureTest" time="0">
    <skipped/>
  </testcase>
  <testcase name="setOffTest" classname="com.eisoo.anysharetest.GestureTest" time="0">
    <skipped/>
  </testcase>
  <testcase name="afterClass" classname="com.eisoo.anysharetest.GestureTest" time="0">
    <skipped/>
  </testcase>
  <testcase name="beforeClass" classname="com.eisoo.anysharetest.FilelistTest" time="0">
    <skipped/>
  </testcase>
  <testcase name="asearchInlink" classname="com.eisoo.anysharetest.FilelistTest" time="0">
    <skipped/>
  </testcase>
  <testcase name="afterMethod" classname="com.eisoo.anysharetest.FilelistTest" time="0">
    <skipped/>
  </testcase>
  <testcase name="afterMethod" classname="com.eisoo.anysharetest.FilelistTest" time="0">
    <skipped/>
  </testcase>
  <testcase name="afterMethod" classname="com.eisoo.anysharetest.FilelistTest" time="0">
    <skipped/>
  </testcase>
  <testcase name="afterMethod" classname="com.eisoo.anysharetest.FilelistTest" time="0">
    <skipped/>
  </testcase>
  <testcase name="afterMethod" classname="com.eisoo.anysharetest.FilelistTest" time="0">
    <skipped/>
  </testcase>
  <testcase name="afterMethod" classname="com.eisoo.anysharetest.FilelistTest" time="0">
    <skipped/>
  </testcase>
  <testcase name="afterMethod" classname="com.eisoo.anysharetest.FilelistTest" time="0">
    <skipped/>
  </testcase>
  <testcase name="delFile" classname="com.eisoo.anysharetest.FilelistTest" time="0">
    <skipped/>
  </testcase>
  <testcase name="delFiles" classname="com.eisoo.anysharetest.FilelistTest" time="0">
    <skipped/>
  </testcase>
  <testcase name="renameFile" classname="com.eisoo.anysharetest.FilelistTest" time="0">
    <skipped/>
  </testcase>
  <testcase name="searchAlldir" classname="com.eisoo.anysharetest.FilelistTest" time="0">
    <skipped/>
  </testcase>
  <testcase name="searchExlink" classname="com.eisoo.anysharetest.FilelistTest" time="0">
    <skipped/>
  </testcase>
  <testcase name="searchKws" classname="com.eisoo.anysharetest.FilelistTest" time="0">
    <skipped/>
  </testcase>
  <testcase name="afterClass" classname="com.eisoo.anysharetest.FilelistTest" time="0">
    <skipped/>
  </testcase>
  <testcase name="beforeClass" classname="com.eisoo.anysharetest.UploadTest" time="0">
    <skipped/>
  </testcase>
  <testcase name="beforeMethod" classname="com.eisoo.anysharetest.UploadTest" time="0">
    <skipped/>
  </testcase>
  <testcase name="beforeMethod" classname="com.eisoo.anysharetest.UploadTest" time="0">
    <skipped/>
  </testcase>
  <testcase name="beforeMethod" classname="com.eisoo.anysharetest.UploadTest" time="0">
    <skipped/>
  </testcase>
  <testcase name="beforeMethod" classname="com.eisoo.anysharetest.UploadTest" time="0">
    <skipped/>
  </testcase>
  <testcase name="beforeMethod" classname="com.eisoo.anysharetest.UploadTest" time="0">
    <skipped/>
  </testcase>
  <testcase name="beforeMethod" classname="com.eisoo.anysharetest.UploadTest" time="0">
    <skipped/>
  </testcase>
  <testcase name="beforeMethod" classname="com.eisoo.anysharetest.UploadTest" time="0">
    <skipped/>
  </testcase>
  <testcase name="beforeMethod" classname="com.eisoo.anysharetest.UploadTest" time="0">
    <skipped/>
  </testcase>
  <testcase name="beforeMethod" classname="com.eisoo.anysharetest.UploadTest" time="0">
    <skipped/>
  </testcase>
  <testcase name="beforeMethod" classname="com.eisoo.anysharetest.UploadTest" time="0">
    <skipped/>
  </testcase>
  <testcase name="beforeMethod" classname="com.eisoo.anysharetest.UploadTest" time="0">
    <skipped/>
  </testcase>
  <testcase name="beforeMethod" classname="com.eisoo.anysharetest.UploadTest" time="0">
    <skipped/>
  </testcase>
  <testcase name="uploadAllVideo" classname="com.eisoo.anysharetest.UploadTest" time="0">
    <skipped/>
  </testcase>
  <testcase name="afterMethod" classname="com.eisoo.anysharetest.UploadTest" time="0">
    <skipped/>
  </testcase>
  <testcase name="afterMethod" classname="com.eisoo.anysharetest.UploadTest" time="0">
    <skipped/>
  </testcase>
  <testcase name="afterMethod" classname="com.eisoo.anysharetest.UploadTest" time="0">
    <skipped/>
  </testcase>
  <testcase name="afterMethod" classname="com.eisoo.anysharetest.UploadTest" time="0">
    <skipped/>
  </testcase>
  <testcase name="afterMethod" classname="com.eisoo.anysharetest.UploadTest" time="0">
    <skipped/>
  </testcase>
  <testcase name="afterMethod" classname="com.eisoo.anysharetest.UploadTest" time="0">
    <skipped/>
  </testcase>
  <testcase name="afterMethod" classname="com.eisoo.anysharetest.UploadTest" time="0">
    <skipped/>
  </testcase>
  <testcase name="afterMethod" classname="com.eisoo.anysharetest.UploadTest" time="0">
    <skipped/>
  </testcase>
  <testcase name="afterMethod" classname="com.eisoo.anysharetest.UploadTest" time="0">
    <skipped/>
  </testcase>
  <testcase name="afterMethod" classname="com.eisoo.anysharetest.UploadTest" time="0">
    <skipped/>
  </testcase>
  <testcase name="afterMethod" classname="com.eisoo.anysharetest.UploadTest" time="0">
    <skipped/>
  </testcase>
  <testcase name="afterMethod" classname="com.eisoo.anysharetest.UploadTest" time="0">
    <skipped/>
  </testcase>
  <testcase name="uploadAudio" classname="com.eisoo.anysharetest.UploadTest" time="0">
    <skipped/>
  </testcase>
  <testcase name="uploadContinueVideo" classname="com.eisoo.anysharetest.UploadTest" time="0">
    <skipped/>
  </testcase>
  <testcase name="uploadFile" classname="com.eisoo.anysharetest.UploadTest" time="0">
    <skipped/>
  </testcase>
  <testcase name="uploadMulVideo" classname="com.eisoo.anysharetest.UploadTest" time="0">
    <skipped/>
  </testcase>
  <testcase name="uploadNoPermission" classname="com.eisoo.anysharetest.UploadTest" time="0">
    <skipped/>
  </testcase>
  <testcase name="uploadNoWifi" classname="com.eisoo.anysharetest.UploadTest" time="0">
    <skipped/>
  </testcase>
  <testcase name="uploadPauseVideo" classname="com.eisoo.anysharetest.UploadTest" time="0">
    <skipped/>
  </testcase>
  <testcase name="uploadPics" classname="com.eisoo.anysharetest.UploadTest" time="0">
    <skipped/>
  </testcase>
  <testcase name="uploadTakePhoto" classname="com.eisoo.anysharetest.UploadTest" time="0">
    <skipped/>
  </testcase>
  <testcase name="uploadVideo" classname="com.eisoo.anysharetest.UploadTest" time="0">
    <skipped/>
  </testcase>
  <testcase name="uploadWaitWifi" classname="com.eisoo.anysharetest.UploadTest" time="0">
    <skipped/>
  </testcase>
  <testcase name="afterClass" classname="com.eisoo.anysharetest.UploadTest" time="0">
    <skipped/>
  </testcase>
  <testcase name="login" classname="com.eisoo.anysharetest.CommtTest" time="0">
    <skipped/>
  </testcase>
  <testcase name="beforeMethod" classname="com.eisoo.anysharetest.CommtTest" time="0">
    <skipped/>
  </testcase>
  <testcase name="beforeMethod" classname="com.eisoo.anysharetest.CommtTest" time="0">
    <skipped/>
  </testcase>
  <testcase name="beforeMethod" classname="com.eisoo.anysharetest.CommtTest" time="0">
    <skipped/>
  </testcase>
  <testcase name="beforeMethod" classname="com.eisoo.anysharetest.CommtTest" time="0">
    <skipped/>
  </testcase>
  <testcase name="beforeMethod" classname="com.eisoo.anysharetest.CommtTest" time="0">
    <skipped/>
  </testcase>
  <testcase name="addcomm_diffChar" classname="com.eisoo.anysharetest.CommtTest" time="0">
    <skipped/>
  </testcase>
  <testcase name="afterMethod" classname="com.eisoo.anysharetest.CommtTest" time="0">
    <skipped/>
  </testcase>
  <testcase name="afterMethod" classname="com.eisoo.anysharetest.CommtTest" time="0">
    <skipped/>
  </testcase>
  <testcase name="afterMethod" classname="com.eisoo.anysharetest.CommtTest" time="0">
    <skipped/>
  </testcase>
  <testcase name="afterMethod" classname="com.eisoo.anysharetest.CommtTest" time="0">
    <skipped/>
  </testcase>
  <testcase name="afterMethod" classname="com.eisoo.anysharetest.CommtTest" time="0">
    <skipped/>
  </testcase>
  <testcase name="addcomm_inlimit" classname="com.eisoo.anysharetest.CommtTest" time="0">
    <skipped/>
  </testcase>
  <testcase name="addcomm_overlimit" classname="com.eisoo.anysharetest.CommtTest" time="0">
    <skipped/>
  </testcase>
  <testcase name="delcommt" classname="com.eisoo.anysharetest.CommtTest" time="0">
    <skipped/>
  </testcase>
  <testcase name="replycommt" classname="com.eisoo.anysharetest.CommtTest" time="0">
    <skipped/>
  </testcase>
  <testcase name="afterClass" classname="com.eisoo.anysharetest.CommtTest" time="0">
    <skipped/>
  </testcase>
  <testcase name="beforeClass" classname="com.eisoo.anysharetest.openFileTest" time="0">
    <skipped/>
  </testcase>
  <testcase name="openAudio" classname="com.eisoo.anysharetest.openFileTest" time="0">
    <skipped/>
  </testcase>
  <testcase name="afterMethod" classname="com.eisoo.anysharetest.openFileTest" time="0">
    <skipped/>
  </testcase>
  <testcase name="afterMethod" classname="com.eisoo.anysharetest.openFileTest" time="0">
    <skipped/>
  </testcase>
  <testcase name="afterMethod" classname="com.eisoo.anysharetest.openFileTest" time="0">
    <skipped/>
  </testcase>
  <testcase name="afterMethod" classname="com.eisoo.anysharetest.openFileTest" time="0">
    <skipped/>
  </testcase>
  <testcase name="openFile" classname="com.eisoo.anysharetest.openFileTest" time="0">
    <skipped/>
  </testcase>
  <testcase name="openPic" classname="com.eisoo.anysharetest.openFileTest" time="0">
    <skipped/>
  </testcase>
  <testcase name="openVideo" classname="com.eisoo.anysharetest.openFileTest" time="0">
    <skipped/>
  </testcase>
  <testcase name="afterClass" classname="com.eisoo.anysharetest.openFileTest" time="0">
    <skipped/>
  </testcase>
  <testcase name="afterTest" classname="com.eisoo.anysharetest.UploadTest" time="0">
    <skipped/>
  </testcase>
  <testcase name="testApp on testApp(com.eisoo.anysharetest.AppTest)" classname="com.eisoo.anysharetest.AppTest" time="0.252"/>
</testsuite>