-------------------------------------------------------------------------------
Test set: TestSuite
-------------------------------------------------------------------------------
Tests run: 56, Failures: 6, Errors: 0, Skipped: 0, Time elapsed: 3,242.362 sec <<< FAILURE! - in TestSuite
setaTraditional(com.eisoo.anysharetest.LanguageSetTest)  Time elapsed: 17.101 sec  <<< FAILURE!
org.openqa.selenium.NoSuchElementException: 
An element could not be located on the page using the given search parameters. (WARNING: The server did not provide any stacktrace information)
Command duration or timeout: 10.77 seconds
For documentation on this error, please visit: http://seleniumhq.org/exceptions/no_such_element.html
Build info: version: '2.53.0', revision: '35ae25b1534ae328c771e0856c93e187490ca824', time: '2016-03-15 10:43:46'
System info: host: 'VivideMacBook-Pro.local', ip: '192.168.35.159', os.name: 'Mac OS X', os.arch: 'x86_64', os.version: '10.13.2', java.version: '1.8.0_40'
Driver info: io.appium.java_client.android.AndroidDriver
Capabilities [{appPackage=com.eisoo.anyshare, deviceScreenSize=1080x1920, networkConnectionEnabled=true, noSign=true, warnings={}, databaseEnabled=false, deviceName=PBV0216526000628, platform=LINUX, MobileCapabilityType.AUTOMATION_NAME=Appium, deviceUDID=PBV0216526000628, appActivity=.AppStartActivity, desired={appPackage=com.eisoo.anyshare, appActivity=.AppStartActivity, noSign=true, platformVersion=7.0, unicodeKeyboard=true, sessionOverride=true, platformName=Android, deviceName=testyy, resetKeyboard=true, MobileCapabilityType.AUTOMATION_NAME=Appium}, platformVersion=7.0, webStorageEnabled=false, locationContextEnabled=false, takesScreenshot=true, javascriptEnabled=true, deviceModel=EVA-AL00, unicodeKeyboard=true, sessionOverride=true, platformName=Android, deviceManufacturer=HUAWEI, resetKeyboard=true}]
Session ID: 120c2c5a-7365-4b41-b579-349515e85917
*** Element info: {Using=id, value=com.eisoo.anyshare:id/rl_setting}
	at com.eisoo.anysharetest.LanguageSetTest.langSet(LanguageSetTest.java:135)
	at com.eisoo.anysharetest.LanguageSetTest.setaTraditional(LanguageSetTest.java:50)

setOffTest(com.eisoo.anysharetest.GestureTest)  Time elapsed: 17.479 sec  <<< FAILURE!
org.openqa.selenium.NoSuchElementException: 
An element could not be located on the page using the given search parameters. (WARNING: The server did not provide any stacktrace information)
Command duration or timeout: 3.04 seconds
For documentation on this error, please visit: http://seleniumhq.org/exceptions/no_such_element.html
Build info: version: '2.53.0', revision: '35ae25b1534ae328c771e0856c93e187490ca824', time: '2016-03-15 10:43:46'
System info: host: 'VivideMacBook-Pro.local', ip: '192.168.35.159', os.name: 'Mac OS X', os.arch: 'x86_64', os.version: '10.13.2', java.version: '1.8.0_40'
Driver info: io.appium.java_client.android.AndroidDriver
Capabilities [{appPackage=com.eisoo.anyshare, deviceScreenSize=1080x1920, networkConnectionEnabled=true, noSign=true, warnings={}, databaseEnabled=false, deviceName=PBV0216526000628, platform=LINUX, MobileCapabilityType.AUTOMATION_NAME=Appium, deviceUDID=PBV0216526000628, appActivity=.AppStartActivity, desired={appPackage=com.eisoo.anyshare, appActivity=.AppStartActivity, noSign=true, platformVersion=7.0, unicodeKeyboard=true, sessionOverride=true, platformName=Android, deviceName=testyy, resetKeyboard=true, MobileCapabilityType.AUTOMATION_NAME=Appium}, platformVersion=7.0, webStorageEnabled=false, locationContextEnabled=false, takesScreenshot=true, javascriptEnabled=true, deviceModel=EVA-AL00, unicodeKeyboard=true, sessionOverride=true, platformName=Android, deviceManufacturer=HUAWEI, resetKeyboard=true}]
Session ID: ef89fde6-aa8f-4fc4-a268-fdcad079e1ce
*** Element info: {Using=name, value=我的}
	at com.eisoo.anysharetest.GestureTest.setOff(GestureTest.java:108)
	at com.eisoo.anysharetest.GestureTest.setOffTest(GestureTest.java:75)

uploadWaitWifi(com.eisoo.anysharetest.UploadTest)  Time elapsed: 31.37 sec  <<< FAILURE!
java.lang.AssertionError: 不存在等待Wi-Fi标记 expected [true] but found [false]
	at com.eisoo.anysharetest.UploadTest.uploadWaitWifi(UploadTest.java:107)

addcomm_overlimit(com.eisoo.anysharetest.CommtTest)  Time elapsed: 24.261 sec  <<< FAILURE!
org.openqa.selenium.NoSuchElementException: 
An element could not be located on the page using the given search parameters. (WARNING: The server did not provide any stacktrace information)
Command duration or timeout: 3.14 seconds
For documentation on this error, please visit: http://seleniumhq.org/exceptions/no_such_element.html
Build info: version: '2.53.0', revision: '35ae25b1534ae328c771e0856c93e187490ca824', time: '2016-03-15 10:43:46'
System info: host: 'VivideMacBook-Pro.local', ip: '192.168.35.159', os.name: 'Mac OS X', os.arch: 'x86_64', os.version: '10.13.2', java.version: '1.8.0_40'
Driver info: io.appium.java_client.android.AndroidDriver
Capabilities [{appPackage=com.eisoo.anyshare, deviceScreenSize=1080x1920, networkConnectionEnabled=true, noSign=true, warnings={}, databaseEnabled=false, deviceName=PBV0216526000628, platform=LINUX, MobileCapabilityType.AUTOMATION_NAME=Appium, deviceUDID=PBV0216526000628, appActivity=.AppStartActivity, desired={appPackage=com.eisoo.anyshare, appActivity=.AppStartActivity, noSign=true, platformVersion=7.0, unicodeKeyboard=true, sessionOverride=true, platformName=Android, deviceName=testyy, resetKeyboard=true, MobileCapabilityType.AUTOMATION_NAME=Appium}, platformVersion=7.0, webStorageEnabled=false, locationContextEnabled=false, takesScreenshot=true, javascriptEnabled=true, deviceModel=EVA-AL00, unicodeKeyboard=true, sessionOverride=true, platformName=Android, deviceManufacturer=HUAWEI, resetKeyboard=true}]
Session ID: b5dcad9b-be20-4a2e-96f5-3a50d6ce579d
*** Element info: {Using=id, value=com.eisoo.anyshare:id/tv_comment_title_top}
	at com.eisoo.anysharetest.CommtTest.addComment(CommtTest.java:93)
	at com.eisoo.anysharetest.CommtTest.addcomm_overlimit(CommtTest.java:68)

openFile(com.eisoo.anysharetest.openFileTest)  Time elapsed: 44.135 sec  <<< FAILURE!
java.lang.AssertionError: 文件未打开! expected [true] but found [false]
	at com.eisoo.anysharetest.openFileTest.openFile(openFileTest.java:44)

openPic(com.eisoo.anysharetest.openFileTest)  Time elapsed: 26.334 sec  <<< FAILURE!
org.openqa.selenium.NoSuchElementException: 
An element could not be located on the page using the given search parameters. (WARNING: The server did not provide any stacktrace information)
Command duration or timeout: 3.06 seconds
For documentation on this error, please visit: http://seleniumhq.org/exceptions/no_such_element.html
Build info: version: '2.53.0', revision: '35ae25b1534ae328c771e0856c93e187490ca824', time: '2016-03-15 10:43:46'
System info: host: 'VivideMacBook-Pro.local', ip: '192.168.35.159', os.name: 'Mac OS X', os.arch: 'x86_64', os.version: '10.13.2', java.version: '1.8.0_40'
Driver info: io.appium.java_client.android.AndroidDriver
Capabilities [{appPackage=com.eisoo.anyshare, deviceScreenSize=1080x1920, networkConnectionEnabled=true, noSign=true, warnings={}, databaseEnabled=false, deviceName=PBV0216526000628, platform=LINUX, MobileCapabilityType.AUTOMATION_NAME=Appium, deviceUDID=PBV0216526000628, appActivity=.AppStartActivity, desired={appPackage=com.eisoo.anyshare, appActivity=.AppStartActivity, noSign=true, platformVersion=7.0, unicodeKeyboard=true, sessionOverride=true, platformName=Android, deviceName=testyy, resetKeyboard=true, MobileCapabilityType.AUTOMATION_NAME=Appium}, platformVersion=7.0, webStorageEnabled=false, locationContextEnabled=false, takesScreenshot=true, javascriptEnabled=true, deviceModel=EVA-AL00, unicodeKeyboard=true, sessionOverride=true, platformName=Android, deviceManufacturer=HUAWEI, resetKeyboard=true}]
Session ID: 8a25d399-8ab8-42a0-85a2-ccef1220e75f
*** Element info: {Using=id, value=com.eisoo.anyshare:id/iv_photo}
	at com.eisoo.anysharetest.openFileTest.openPic(openFileTest.java:54)

