-------------------------------------------------------------------------------
Test set: TestSuite
-------------------------------------------------------------------------------
Tests run: 321, Failures: 3, Errors: 0, Skipped: 317, Time elapsed: 1.196 sec <<< FAILURE! - in TestSuite
beforeClass(com.eisoo.anysharetest.DownloadTest)  Time elapsed: 0.848 sec  <<< FAILURE!
org.openqa.selenium.remote.UnreachableBrowserException: 
Could not start a new session. Possible causes are invalid address of the remote server or browser start-up failure.
Build info: version: '2.53.0', revision: '35ae25b1534ae328c771e0856c93e187490ca824', time: '2016-03-15 10:43:46'
System info: host: 'VivideMacBook-Pro.local', ip: '192.168.2.30', os.name: 'Mac OS X', os.arch: 'x86_64', os.version: '10.13.2', java.version: '1.8.0_40'
Driver info: driver.version: AndroidDriver
	at com.eisoo.anysharetest.DownloadTest.beforeClass(DownloadTest.java:27)
Caused by: org.openqa.selenium.WebDriverException: 
org.apache.http.conn.HttpHostConnectException: Connect to 127.0.0.1:4723 [/127.0.0.1] failed: Connection refused
Build info: version: '2.53.0', revision: '35ae25b1534ae328c771e0856c93e187490ca824', time: '2016-03-15 10:43:46'
System info: host: 'VivideMacBook-Pro.local', ip: '192.168.2.30', os.name: 'Mac OS X', os.arch: 'x86_64', os.version: '10.13.2', java.version: '1.8.0_40'
Driver info: driver.version: AndroidDriver
	at com.eisoo.anysharetest.DownloadTest.beforeClass(DownloadTest.java:27)
Caused by: org.apache.http.conn.HttpHostConnectException: Connect to 127.0.0.1:4723 [/127.0.0.1] failed: Connection refused
	at com.eisoo.anysharetest.DownloadTest.beforeClass(DownloadTest.java:27)
Caused by: java.net.ConnectException: Connection refused
	at com.eisoo.anysharetest.DownloadTest.beforeClass(DownloadTest.java:27)

beforeClass(com.eisoo.anysharetest.FullFuctionTest)  Time elapsed: 0.006 sec  <<< FAILURE!
org.openqa.selenium.remote.UnreachableBrowserException: 
Could not start a new session. Possible causes are invalid address of the remote server or browser start-up failure.
Build info: version: '2.53.0', revision: '35ae25b1534ae328c771e0856c93e187490ca824', time: '2016-03-15 10:43:46'
System info: host: 'VivideMacBook-Pro.local', ip: '192.168.2.30', os.name: 'Mac OS X', os.arch: 'x86_64', os.version: '10.13.2', java.version: '1.8.0_40'
Driver info: driver.version: AndroidDriver
	at com.eisoo.anysharetest.FullFuctionTest.beforeClass(FullFuctionTest.java:28)
Caused by: org.openqa.selenium.WebDriverException: 
org.apache.http.conn.HttpHostConnectException: Connect to 127.0.0.1:4723 [/127.0.0.1] failed: Connection refused
Build info: version: '2.53.0', revision: '35ae25b1534ae328c771e0856c93e187490ca824', time: '2016-03-15 10:43:46'
System info: host: 'VivideMacBook-Pro.local', ip: '192.168.2.30', os.name: 'Mac OS X', os.arch: 'x86_64', os.version: '10.13.2', java.version: '1.8.0_40'
Driver info: driver.version: AndroidDriver
	at com.eisoo.anysharetest.FullFuctionTest.beforeClass(FullFuctionTest.java:28)
Caused by: org.apache.http.conn.HttpHostConnectException: Connect to 127.0.0.1:4723 [/127.0.0.1] failed: Connection refused
	at com.eisoo.anysharetest.FullFuctionTest.beforeClass(FullFuctionTest.java:28)
Caused by: java.net.ConnectException: Connection refused
	at com.eisoo.anysharetest.FullFuctionTest.beforeClass(FullFuctionTest.java:28)

login(com.eisoo.anysharetest.CopyMoveTest)  Time elapsed: 0.009 sec  <<< FAILURE!
org.openqa.selenium.remote.UnreachableBrowserException: 
Could not start a new session. Possible causes are invalid address of the remote server or browser start-up failure.
Build info: version: '2.53.0', revision: '35ae25b1534ae328c771e0856c93e187490ca824', time: '2016-03-15 10:43:46'
System info: host: 'VivideMacBook-Pro.local', ip: '192.168.2.30', os.name: 'Mac OS X', os.arch: 'x86_64', os.version: '10.13.2', java.version: '1.8.0_40'
Driver info: driver.version: AndroidDriver
	at com.eisoo.anysharetest.CopyMoveTest.login(CopyMoveTest.java:21)
Caused by: org.openqa.selenium.WebDriverException: 
org.apache.http.conn.HttpHostConnectException: Connect to 127.0.0.1:4723 [/127.0.0.1] failed: Connection refused
Build info: version: '2.53.0', revision: '35ae25b1534ae328c771e0856c93e187490ca824', time: '2016-03-15 10:43:46'
System info: host: 'VivideMacBook-Pro.local', ip: '192.168.2.30', os.name: 'Mac OS X', os.arch: 'x86_64', os.version: '10.13.2', java.version: '1.8.0_40'
Driver info: driver.version: AndroidDriver
	at com.eisoo.anysharetest.CopyMoveTest.login(CopyMoveTest.java:21)
Caused by: org.apache.http.conn.HttpHostConnectException: Connect to 127.0.0.1:4723 [/127.0.0.1] failed: Connection refused
	at com.eisoo.anysharetest.CopyMoveTest.login(CopyMoveTest.java:21)
Caused by: java.net.ConnectException: Connection refused
	at com.eisoo.anysharetest.CopyMoveTest.login(CopyMoveTest.java:21)

