<?xml version="1.0" encoding="UTF-8"?>
<!-- Generated by org.testng.reporters.JUnitXMLReporter -->
<testsuite hostname="VivideMacBook-Pro.local" ignored="3" name="Test" tests="6" failures="0" timestamp="23 Mar 2018 02:48:34 GMT" time="287.27" errors="0">
  <testcase name="setTraditional" time="28.85" classname="com.eisoo.anysharetest.LanguageSetTest"/>
  <testcase name="setEn" time="36.665" classname="com.eisoo.anysharetest.LanguageSetTest"/>
  <testcase name="setCh" time="47.92" classname="com.eisoo.anysharetest.LanguageSetTest"/>
  <testcase name="setTraditionalHome" time="46.277" classname="com.eisoo.anysharetest.LanguageSetTest"/>
  <testcase name="setEnHome" time="21.05" classname="com.eisoo.anysharetest.LanguageSetTest"/>
  <testcase name="setChHome" time="17.088" classname="com.eisoo.anysharetest.LanguageSetTest"/>
  <testcase name="loginIp" time="0.0" classname="com.eisoo.anysharetest.BaseTest">
    <ignored/>
  </testcase> <!-- loginIp -->
  <testcase name="testLogin" time="0.0" classname="com.eisoo.anysharetest.BaseTest">
    <ignored/>
  </testcase> <!-- testLogin -->
  <testcase name="loginDomain" time="0.0" classname="com.eisoo.anysharetest.BaseTest">
    <ignored/>
  </testcase> <!-- loginDomain -->
</testsuite> <!-- Test -->
