<?xml version="1.0" encoding="UTF-8"?>
<testsuite name="Surefire test"
           tests="16"
           failures="1"
           errors="0"
           skipped="15"
           time="0.001">
  <properties />
            <testcase name="beforeClass" time="0.000" classname="com.eisoo.anysharetest.FilelistTest">
                <failure type="java.lang.NullPointerException"
                  message="(null)"
              >
<![CDATA[java.lang.NullPointerException
  com.eisoo.anysharetest.BaseTest.startAS(BaseTest.java:95)
  com.eisoo.anysharetest.FilelistTest.beforeClass(FilelistTest.java:25)
  sun.reflect.NativeMethodAccessorImpl.invoke0(Native Method)
  sun.reflect.NativeMethodAccessorImpl.invoke(NativeMethodAccessorImpl.java:62)
  sun.reflect.DelegatingMethodAccessorImpl.invoke(DelegatingMethodAccessorImpl.java:43)
  java.lang.reflect.Method.invoke(Method.java:497)
  org.testng.internal.MethodInvocationHelper.invokeMethod(MethodInvocationHelper.java:86)
  org.testng.internal.Invoker.invokeConfigurationMethod(Invoker.java:514)
  org.testng.internal.Invoker.invokeConfigurations(Invoker.java:215)
  org.testng.internal.Invoker.invokeConfigurations(Invoker.java:142)
  org.testng.internal.TestMethodWorker.invokeBeforeClassMethods(TestMethodWorker.java:178)
  org.testng.internal.TestMethodWorker.run(TestMethodWorker.java:108)
  org.testng.TestRunner.privateRun(TestRunner.java:782)
  org.testng.TestRunner.run(TestRunner.java:632)
  org.testng.SuiteRunner.runTest(SuiteRunner.java:366)
  org.testng.SuiteRunner.runSequentially(SuiteRunner.java:361)
  org.testng.SuiteRunner.privateRun(SuiteRunner.java:319)
  org.testng.SuiteRunner.run(SuiteRunner.java:268)
  org.testng.SuiteRunnerWorker.runSuite(SuiteRunnerWorker.java:52)
  org.testng.SuiteRunnerWorker.run(SuiteRunnerWorker.java:86)
  org.testng.TestNG.runSuitesSequentially(TestNG.java:1244)
  org.testng.TestNG.runSuitesLocally(TestNG.java:1169)
  org.testng.TestNG.run(TestNG.java:1064)
  org.apache.maven.surefire.testng.TestNGExecutor.run(TestNGExecutor.java:132)
  org.apache.maven.surefire.testng.TestNGDirectoryTestSuite.executeMulti(TestNGDirectoryTestSuite.java:193)
  org.apache.maven.surefire.testng.TestNGDirectoryTestSuite.execute(TestNGDirectoryTestSuite.java:94)
  org.apache.maven.surefire.testng.TestNGProvider.invoke(TestNGProvider.java:147)
  org.apache.maven.surefire.booter.ForkedBooter.invokeProviderInSameClassLoader(ForkedBooter.java:290)
  org.apache.maven.surefire.booter.ForkedBooter.runSuitesInProcess(ForkedBooter.java:242)
  org.apache.maven.surefire.booter.ForkedBooter.main(ForkedBooter.java:121)
]]>
      </failure>

          </testcase>
  
            <testcase name="afterMethod" time="0.0" classname="com.eisoo.anysharetest.FilelistTest">
          <skipped />
    </testcase>
            <testcase name="afterMethod" time="0.0" classname="com.eisoo.anysharetest.FilelistTest">
          <skipped />
    </testcase>
            <testcase name="afterMethod" time="0.0" classname="com.eisoo.anysharetest.FilelistTest">
          <skipped />
    </testcase>
            <testcase name="afterMethod" time="0.0" classname="com.eisoo.anysharetest.FilelistTest">
          <skipped />
    </testcase>
            <testcase name="afterMethod" time="0.0" classname="com.eisoo.anysharetest.FilelistTest">
          <skipped />
    </testcase>
            <testcase name="afterMethod" time="0.0" classname="com.eisoo.anysharetest.FilelistTest">
          <skipped />
    </testcase>
            <testcase name="afterMethod" time="0.0" classname="com.eisoo.anysharetest.FilelistTest">
          <skipped />
    </testcase>
            <testcase name="afterClass" time="0.0" classname="com.eisoo.anysharetest.FilelistTest">
          <skipped />
    </testcase>
            <testcase name="delFile" time="0.0" classname="com.eisoo.anysharetest.FilelistTest">
          <skipped />
    </testcase>
            <testcase name="asearchInlink" time="0.0" classname="com.eisoo.anysharetest.FilelistTest">
          <skipped />
    </testcase>
            <testcase name="searchAlldir" time="0.0" classname="com.eisoo.anysharetest.FilelistTest">
          <skipped />
    </testcase>
            <testcase name="delFiles" time="0.0" classname="com.eisoo.anysharetest.FilelistTest">
          <skipped />
    </testcase>
            <testcase name="renameFile" time="0.0" classname="com.eisoo.anysharetest.FilelistTest">
          <skipped />
    </testcase>
            <testcase name="searchExlink" time="0.0" classname="com.eisoo.anysharetest.FilelistTest">
          <skipped />
    </testcase>
            <testcase name="searchKws" time="0.0" classname="com.eisoo.anysharetest.FilelistTest">
          <skipped />
    </testcase>
  
  
</testsuite>
