<?xml version="1.0" encoding="UTF-8"?>
<testng-results skipped="0" failed="0" total="1" passed="1">
  <reporter-output>
  </reporter-output>
  <suite name="Default suite" duration-ms="77130" started-at="2018-03-21T02:55:11Z" finished-at="2018-03-21T02:56:28Z">
    <groups>
      <group name="login">
        <method signature="BaseTest.loginDomainTest()[pri:0, instance:com.eisoo.anysharetest.BaseTest@5b87ed94]" name="loginDomainTest" class="com.eisoo.anysharetest.BaseTest"/>
      </group> <!-- login -->
    </groups>
    <test name="Default test" duration-ms="77130" started-at="2018-03-21T02:55:11Z" finished-at="2018-03-21T02:56:28Z">
      <class name="com.eisoo.anysharetest.BaseTest">
        <test-method status="PASS" signature="BeforeClass()[pri:0, instance:com.eisoo.anysharetest.BaseTest@5b87ed94]" name="BeforeClass" is-config="true" duration-ms="12533" started-at="2018-03-21T10:55:11Z" finished-at="2018-03-21T10:55:23Z">
          <reporter-output>
          </reporter-output>
        </test-method> <!-- BeforeClass -->
        <test-method status="PASS" signature="loginDomainTest()[pri:0, instance:com.eisoo.anysharetest.BaseTest@5b87ed94]" name="loginDomainTest" duration-ms="62877" started-at="2018-03-21T10:55:23Z" finished-at="2018-03-21T10:56:26Z">
          <reporter-output>
          </reporter-output>
        </test-method> <!-- loginDomainTest -->
        <test-method status="PASS" signature="afterClass()[pri:0, instance:com.eisoo.anysharetest.BaseTest@5b87ed94]" name="afterClass" is-config="true" duration-ms="1706" started-at="2018-03-21T10:56:26Z" finished-at="2018-03-21T10:56:28Z">
          <reporter-output>
          </reporter-output>
        </test-method> <!-- afterClass -->
      </class> <!-- com.eisoo.anysharetest.BaseTest -->
    </test> <!-- Default test -->
  </suite> <!-- Default suite -->
</testng-results>
