<?xml version="1.0" encoding="UTF-8"?>
<testng-results skipped="0" failed="0" ignored="6" total="7" passed="1">
  <reporter-output>
  </reporter-output>
  <suite name="Default suite" duration-ms="110051" started-at="2018-04-20T06:15:15Z" finished-at="2018-04-20T06:17:05Z">
    <groups>
    </groups>
    <test name="Default test" duration-ms="110051" started-at="2018-04-20T06:15:15Z" finished-at="2018-04-20T06:17:05Z">
      <class name="com.eisoo.anysharetest.Demoxest">
        <test-method status="PASS" signature="beforeSuite()[pri:0, instance:com.eisoo.anysharetest.Demoxest@551aa95a]" name="beforeSuite" is-config="true" duration-ms="7" started-at="2018-04-20T14:15:15Z" finished-at="2018-04-20T14:15:15Z">
          <reporter-output>
          </reporter-output>
        </test-method> <!-- beforeSuite -->
        <test-method status="PASS" signature="beforeTest()[pri:0, instance:com.eisoo.anysharetest.Demoxest@551aa95a]" name="beforeTest" is-config="true" duration-ms="0" started-at="2018-04-20T14:15:15Z" finished-at="2018-04-20T14:15:15Z">
          <reporter-output>
          </reporter-output>
        </test-method> <!-- beforeTest -->
        <test-method status="PASS" signature="beforeClass()[pri:0, instance:com.eisoo.anysharetest.Demoxest@551aa95a]" name="beforeClass" is-config="true" duration-ms="61037" started-at="2018-04-20T14:15:15Z" finished-at="2018-04-20T14:16:16Z">
          <reporter-output>
          </reporter-output>
        </test-method> <!-- beforeClass -->
        <test-method status="PASS" signature="beforeMethod()[pri:0, instance:com.eisoo.anysharetest.Demoxest@551aa95a]" name="beforeMethod" is-config="true" duration-ms="4859" started-at="2018-04-20T14:16:16Z" finished-at="2018-04-20T14:16:21Z">
          <reporter-output>
          </reporter-output>
        </test-method> <!-- beforeMethod -->
        <test-method status="PASS" signature="testmanytimes2()[pri:0, instance:com.eisoo.anysharetest.Demoxest@551aa95a]" name="testmanytimes2" duration-ms="42384" started-at="2018-04-20T14:16:21Z" finished-at="2018-04-20T14:17:03Z">
          <reporter-output>
          </reporter-output>
        </test-method> <!-- testmanytimes2 -->
        <test-method status="PASS" signature="afterClass()[pri:0, instance:com.eisoo.anysharetest.Demoxest@551aa95a]" name="afterClass" is-config="true" duration-ms="1754" started-at="2018-04-20T14:17:03Z" finished-at="2018-04-20T14:17:05Z">
          <reporter-output>
          </reporter-output>
        </test-method> <!-- afterClass -->
        <test-method status="PASS" signature="afterMethod()[pri:0, instance:com.eisoo.anysharetest.Demoxest@551aa95a]" name="afterMethod" is-config="true" duration-ms="0" started-at="2018-04-20T14:17:03Z" finished-at="2018-04-20T14:17:03Z">
          <reporter-output>
          </reporter-output>
        </test-method> <!-- afterMethod -->
        <test-method status="PASS" signature="afterTest()[pri:0, instance:com.eisoo.anysharetest.Demoxest@551aa95a]" name="afterTest" is-config="true" duration-ms="1" started-at="2018-04-20T14:17:05Z" finished-at="2018-04-20T14:17:05Z">
          <reporter-output>
          </reporter-output>
        </test-method> <!-- afterTest -->
        <test-method status="PASS" signature="afterSuite()[pri:0, instance:com.eisoo.anysharetest.Demoxest@551aa95a]" name="afterSuite" is-config="true" duration-ms="1" started-at="2018-04-20T14:17:05Z" finished-at="2018-04-20T14:17:05Z">
          <reporter-output>
          </reporter-output>
        </test-method> <!-- afterSuite -->
      </class> <!-- com.eisoo.anysharetest.Demoxest -->
    </test> <!-- Default test -->
  </suite> <!-- Default suite -->
</testng-results>
